This file contains any messages produced by compilers while
running configure, to aid debugging if configure makes a mistake.

It was created by libmicrohttpd configure 0.9.1, which was
generated by GNU Autoconf 2.61.  Invocation command line was

  $ ./configure --prefix=/Users/diederickhuijbers/Documents/programming/c++/of61fatxcode/addons/ofxHttpServer/microhttpd/stage --enable-static --disable-https CC=gcc -arch i386  CXX=g++ -arch i386  CPP=gcc -E CXXCPP=g++ -E

## --------- ##
## Platform. ##
## --------- ##

hostname = Diederick-Huijberss-iMac.local
uname -m = i386
uname -r = 10.4.0
uname -s = Darwin
uname -v = Darwin Kernel Version 10.4.0: Fri Apr 23 18:28:53 PDT 2010; root:xnu-1504.7.4~1/RELEASE_I386

/usr/bin/uname -p = i386
/bin/uname -X     = unknown

/bin/arch              = unknown
/usr/bin/arch -k       = unknown
/usr/convex/getsysinfo = unknown
/usr/bin/hostinfo      = Mach kernel version:
	 Darwin Kernel Version 10.4.0: Fri Apr 23 18:28:53 PDT 2010; root:xnu-1504.7.4~1/RELEASE_I386
Kernel configured for up to 2 processors.
2 processors are physically available.
2 processors are logically available.
Processor type: i486 (Intel 80486)
Processors active: 0 1
Primary memory available: 8.00 gigabytes
Default processor set: 105 tasks, 482 threads, 2 processors
Load average: 1.04, Mach factor: 0.95
/bin/machine           = unknown
/usr/bin/oslevel       = unknown
/bin/universe          = unknown

PATH: /usr/bin
PATH: /bin
PATH: /usr/sbin
PATH: /sbin
PATH: /usr/local/bin
PATH: /usr/local/git/bin
PATH: /usr/X11/bin
PATH: /usr/local/CrossPack-AVR/bin


## ----------- ##
## Core tests. ##
## ----------- ##

configure:2026: checking for a BSD-compatible install
configure:2082: result: /usr/bin/install -c
configure:2093: checking whether build environment is sane
configure:2136: result: yes
configure:2164: checking for a thread-safe mkdir -p
configure:2203: result: ./install-sh -c -d
configure:2216: checking for gawk
configure:2246: result: no
configure:2216: checking for mawk
configure:2246: result: no
configure:2216: checking for nawk
configure:2246: result: no
configure:2216: checking for awk
configure:2232: found /usr/bin/awk
configure:2243: result: awk
configure:2254: checking whether make sets $(MAKE)
configure:2275: result: yes
configure:2501: checking for gawk
configure:2528: result: awk
configure:2552: checking for a BSD-compatible install
configure:2608: result: /usr/bin/install -c
configure:2619: checking whether ln -s works
configure:2623: result: yes
configure:2630: checking whether make sets $(MAKE)
configure:2651: result: yes
configure:2666: checking build system type
configure:2684: result: i386-apple-darwin10.4.0
configure:2706: checking host system type
configure:2721: result: i386-apple-darwin10.4.0
configure:2755: checking for style of include used by make
configure:2783: result: GNU
configure:2853: checking for gcc
configure:2880: result: gcc -arch i386 
configure:3118: checking for C compiler version
configure:3125: gcc -arch i386  --version >&5
i686-apple-darwin10-gcc-4.2.1 (GCC) 4.2.1 (Apple Inc. build 5646) (dot 1)
Copyright (C) 2007 Free Software Foundation, Inc.
This is free software; see the source for copying conditions.  There is NO
warranty; not even for MERCHANTABILITY or FITNESS FOR A PARTICULAR PURPOSE.

configure:3128: $? = 0
configure:3135: gcc -arch i386  -v >&5
Using built-in specs.
Target: i686-apple-darwin10
Configured with: /var/tmp/gcc/gcc-5646.1~2/src/configure --disable-checking --enable-werror --prefix=/usr --mandir=/share/man --enable-languages=c,objc,c++,obj-c++ --program-transform-name=/^[cg][^.-]*$/s/$/-4.2/ --with-slibdir=/usr/lib --build=i686-apple-darwin10 --with-gxx-include-dir=/include/c++/4.2.1 --program-prefix=i686-apple-darwin10- --host=x86_64-apple-darwin10 --target=i686-apple-darwin10
Thread model: posix
gcc version 4.2.1 (Apple Inc. build 5646) (dot 1)
configure:3138: $? = 0
configure:3145: gcc -arch i386  -V >&5
gcc-4.2: argument to `-V' is missing
configure:3148: $? = 1
configure:3171: checking for C compiler default output file name
configure:3198: gcc -arch i386     conftest.c  >&5
configure:3201: $? = 0
configure:3239: result: a.out
configure:3256: checking whether the C compiler works
configure:3266: ./a.out
configure:3269: $? = 0
configure:3286: result: yes
configure:3293: checking whether we are cross compiling
configure:3295: result: no
configure:3298: checking for suffix of executables
configure:3305: gcc -arch i386  -o conftest    conftest.c  >&5
configure:3308: $? = 0
configure:3332: result: 
configure:3338: checking for suffix of object files
configure:3364: gcc -arch i386  -c   conftest.c >&5
configure:3367: $? = 0
configure:3390: result: o
configure:3394: checking whether we are using the GNU C compiler
configure:3423: gcc -arch i386  -c   conftest.c >&5
configure:3429: $? = 0
configure:3446: result: yes
configure:3451: checking whether gcc -arch i386  accepts -g
configure:3481: gcc -arch i386  -c -g  conftest.c >&5
configure:3487: $? = 0
configure:3586: result: yes
configure:3603: checking for gcc -arch i386  option to accept ISO C89
configure:3677: gcc -arch i386   -c -g -O2  conftest.c >&5
configure:3683: $? = 0
configure:3706: result: none needed
configure:3726: checking dependency style of gcc -arch i386 
configure:3817: result: gcc3
configure:3833: checking whether gcc -arch i386  and cc understand -c and -o together
configure:3868: gcc -arch i386  -c conftest.c -o conftest2.o >&5
configure:3871: $? = 0
configure:3877: gcc -arch i386  -c conftest.c -o conftest2.o >&5
configure:3880: $? = 0
configure:3891: cc -c conftest.c >&5
configure:3894: $? = 0
configure:3902: cc -c conftest.c -o conftest2.o >&5
configure:3905: $? = 0
configure:3911: cc -c conftest.c -o conftest2.o >&5
configure:3914: $? = 0
configure:3932: result: yes
configure:4298: checking for a sed that does not truncate output
configure:4377: result: /usr/bin/sed
configure:4395: checking for grep that handles long lines and -e
configure:4469: result: /usr/bin/grep
configure:4474: checking for egrep
configure:4552: result: /usr/bin/grep -E
configure:4557: checking for fgrep
configure:4635: result: /usr/bin/grep -F
configure:4670: checking for ld used by gcc -arch i386 
configure:4737: result: /usr/libexec/gcc/i686-apple-darwin10/4.2.1/ld
configure:4746: checking if the linker (/usr/libexec/gcc/i686-apple-darwin10/4.2.1/ld) is GNU ld
configure:4761: result: no
configure:4773: checking for BSD- or MS-compatible name lister (nm)
configure:4822: result: /usr/bin/nm
configure:4944: checking the name lister (/usr/bin/nm) interface
configure:4951: gcc -arch i386  -c -g -O2  conftest.c >&5
configure:4954: /usr/bin/nm "conftest.o"
configure:4957: output
000001b4 D _some_variable
configure:4964: result: BSD nm
configure:4968: checking the maximum length of command line arguments
configure:5088: result: 196608
configure:5105: checking whether the shell understands some XSI constructs
configure:5115: result: yes
configure:5119: checking whether the shell understands "+="
configure:5125: result: yes
configure:5160: checking for /usr/libexec/gcc/i686-apple-darwin10/4.2.1/ld option to reload object files
configure:5167: result: -r
configure:5194: checking how to recognize dependent libraries
configure:5384: result: pass_all
configure:5444: checking for ar
configure:5460: found /usr/bin/ar
configure:5471: result: ar
configure:5553: checking for strip
configure:5569: found /usr/bin/strip
configure:5580: result: strip
configure:5656: checking for ranlib
configure:5672: found /usr/bin/ranlib
configure:5683: result: ranlib
configure:5777: checking command to parse /usr/bin/nm output from gcc -arch i386  object
configure:5895: gcc -arch i386  -c -g -O2  conftest.c >&5
configure:5898: $? = 0
configure:5902: /usr/bin/nm conftest.o \| sed -n -e 's/^.*[	 ]\([BCDEGRST][BCDEGRST]*\)[	 ][	 ]*\([_A-Za-z][_A-Za-z0-9]*\)$/\1 \2 \2/p' \> conftest.nm
configure:5905: $? = 0
cannot find nm_test_var in conftest.nm
configure:5895: gcc -arch i386  -c -g -O2  conftest.c >&5
configure:5898: $? = 0
configure:5902: /usr/bin/nm conftest.o \| sed -n -e 's/^.*[	 ]\([BCDEGRST][BCDEGRST]*\)[	 ][	 ]*_\([_A-Za-z][_A-Za-z0-9]*\)$/\1 _\2 \2/p' \> conftest.nm
configure:5905: $? = 0
configure:5959: gcc -arch i386  -o conftest -g -O2   conftest.c conftstm.o >&5
configure:5962: $? = 0
configure:6000: result: ok
configure:6290: checking for dsymutil
configure:6306: found /usr/bin/dsymutil
configure:6317: result: dsymutil
configure:6386: checking for nmedit
configure:6402: found /usr/bin/nmedit
configure:6413: result: nmedit
configure:6482: checking for lipo
configure:6498: found /usr/bin/lipo
configure:6509: result: lipo
configure:6578: checking for otool
configure:6594: found /usr/bin/otool
configure:6605: result: otool
configure:6674: checking for otool64
configure:6704: result: no
configure:6753: checking for -single_module linker flag
gcc -arch i386  -g -O2  -o libconftest.dylib -dynamiclib -Wl,-single_module conftest.c
configure:6780: result: yes
configure:6782: checking for -exported_symbols_list linker flag
configure:6812: gcc -arch i386  -o conftest -g -O2   -Wl,-exported_symbols_list,conftest.sym conftest.c  >&5
configure:6818: $? = 0
configure:6837: result: yes
configure:6879: checking how to run the C preprocessor
configure:6995: result: gcc -E
configure:7024: gcc -E  conftest.c
configure:7030: $? = 0
configure:7061: gcc -E  conftest.c
conftest.c:10:28: error: ac_nonexistent.h: No such file or directory
configure:7067: $? = 1
configure: failed program was:
| /* confdefs.h.  */
| #define PACKAGE_NAME "libmicrohttpd"
| #define PACKAGE_TARNAME "libmicrohttpd"
| #define PACKAGE_VERSION "0.9.1"
| #define PACKAGE_STRING "libmicrohttpd 0.9.1"
| #define PACKAGE_BUGREPORT "libmicrohttpd@gnu.org"
| #define PACKAGE "libmicrohttpd"
| #define VERSION "0.9.1"
| /* end confdefs.h.  */
| #include <ac_nonexistent.h>
configure:7105: checking for ANSI C header files
configure:7135: gcc -arch i386  -c -g -O2  conftest.c >&5
configure:7141: $? = 0
configure:7240: gcc -arch i386  -o conftest -g -O2   conftest.c  >&5
configure:7243: $? = 0
configure:7249: ./conftest
configure:7252: $? = 0
configure:7269: result: yes
configure:7293: checking for sys/types.h
configure:7314: gcc -arch i386  -c -g -O2  conftest.c >&5
configure:7320: $? = 0
configure:7336: result: yes
configure:7293: checking for sys/stat.h
configure:7314: gcc -arch i386  -c -g -O2  conftest.c >&5
configure:7320: $? = 0
configure:7336: result: yes
configure:7293: checking for stdlib.h
configure:7314: gcc -arch i386  -c -g -O2  conftest.c >&5
configure:7320: $? = 0
configure:7336: result: yes
configure:7293: checking for string.h
configure:7314: gcc -arch i386  -c -g -O2  conftest.c >&5
configure:7320: $? = 0
configure:7336: result: yes
configure:7293: checking for memory.h
configure:7314: gcc -arch i386  -c -g -O2  conftest.c >&5
configure:7320: $? = 0
configure:7336: result: yes
configure:7293: checking for strings.h
configure:7314: gcc -arch i386  -c -g -O2  conftest.c >&5
configure:7320: $? = 0
configure:7336: result: yes
configure:7293: checking for inttypes.h
configure:7314: gcc -arch i386  -c -g -O2  conftest.c >&5
configure:7320: $? = 0
configure:7336: result: yes
configure:7293: checking for stdint.h
configure:7314: gcc -arch i386  -c -g -O2  conftest.c >&5
configure:7320: $? = 0
configure:7336: result: yes
configure:7293: checking for unistd.h
configure:7314: gcc -arch i386  -c -g -O2  conftest.c >&5
configure:7320: $? = 0
configure:7336: result: yes
configure:7352: checking for dlfcn.h
configure:7373: gcc -arch i386  -c -g -O2  conftest.c >&5
configure:7379: $? = 0
configure:7395: result: yes
configure:7577: checking for objdir
configure:7592: result: .libs
configure:7888: checking if gcc -arch i386  supports -fno-rtti -fno-exceptions
configure:7906: gcc -arch i386  -c -g -O2  -fno-rtti -fno-exceptions conftest.c >&5
cc1: warning: command line option "-fno-rtti" is valid for C++/ObjC++ but not for C
configure:7910: $? = 0
configure:7923: result: no
configure:7943: checking for gcc -arch i386  option to produce PIC
configure:8200: result: -fno-common -DPIC
configure:8212: checking if gcc -arch i386  PIC flag -fno-common -DPIC works
configure:8230: gcc -arch i386  -c -g -O2  -fno-common -DPIC -DPIC conftest.c >&5
configure:8234: $? = 0
configure:8247: result: yes
configure:8271: checking if gcc -arch i386  static flag -static works
ld_classic: can't locate file for: -lcrt0.o
configure:8299: result: no
configure:8314: checking if gcc -arch i386  supports -c -o file.o
configure:8335: gcc -arch i386  -c -g -O2  -o out/conftest2.o conftest.c >&5
configure:8339: $? = 0
configure:8361: result: yes
configure:8369: checking if gcc -arch i386  supports -c -o file.o
configure:8416: result: yes
configure:8449: checking whether the gcc -arch i386  linker (/usr/libexec/gcc/i686-apple-darwin10/4.2.1/ld) supports shared libraries
configure:9503: result: yes
configure:9742: checking dynamic linker characteristics
configure:10421: result: darwin10.4.0 dyld
configure:10523: checking how to hardcode library paths into programs
configure:10548: result: immediate
configure:11361: checking whether stripping libraries is possible
configure:11375: result: yes
configure:11401: checking if libtool supports shared libraries
configure:11403: result: yes
configure:11406: checking whether to build shared libraries
configure:11427: result: yes
configure:11430: checking whether to build static libraries
configure:11434: result: yes
configure:11469: checking whether byte ordering is bigendian
configure:11502: gcc -arch i386  -c -g -O2  conftest.c >&5
configure:11508: $? = 0
configure:11540: gcc -arch i386  -c -g -O2  conftest.c >&5
conftest.c: In function 'main':
conftest.c:29: error: 'not' undeclared (first use in this function)
conftest.c:29: error: (Each undeclared identifier is reported only once
conftest.c:29: error: for each function it appears in.)
conftest.c:29: error: expected ';' before 'big'
configure:11546: $? = 1
configure: failed program was:
| /* confdefs.h.  */
| #define PACKAGE_NAME "libmicrohttpd"
| #define PACKAGE_TARNAME "libmicrohttpd"
| #define PACKAGE_VERSION "0.9.1"
| #define PACKAGE_STRING "libmicrohttpd 0.9.1"
| #define PACKAGE_BUGREPORT "libmicrohttpd@gnu.org"
| #define PACKAGE "libmicrohttpd"
| #define VERSION "0.9.1"
| #define STDC_HEADERS 1
| #define HAVE_SYS_TYPES_H 1
| #define HAVE_SYS_STAT_H 1
| #define HAVE_STDLIB_H 1
| #define HAVE_STRING_H 1
| #define HAVE_MEMORY_H 1
| #define HAVE_STRINGS_H 1
| #define HAVE_INTTYPES_H 1
| #define HAVE_STDINT_H 1
| #define HAVE_UNISTD_H 1
| #define HAVE_DLFCN_H 1
| #define LT_OBJDIR ".libs/"
| /* end confdefs.h.  */
| #include <sys/types.h>
| #include <sys/param.h>
| 
| int
| main ()
| {
| #if BYTE_ORDER != BIG_ENDIAN
|  not big endian
| #endif
| 
|   ;
|   return 0;
| }
configure:11686: result: no
configure:12341: gcc -arch i386  -o conftest -no-cpp-precomp -fno-common -fno-strict-aliasing -g -O2   conftest.c  >&5
configure:12347: $? = 0
configure:12354: result: yes
configure:12656: checking fcntl.h usability
configure:12673: gcc -arch i386  -c -no-cpp-precomp -fno-common -fno-strict-aliasing -g -O2  conftest.c >&5
configure:12679: $? = 0
configure:12693: result: yes
configure:12697: checking fcntl.h presence
configure:12712: gcc -E  conftest.c
configure:12718: $? = 0
configure:12732: result: yes
configure:12765: checking for fcntl.h
configure:12773: result: yes
configure:12656: checking math.h usability
configure:12673: gcc -arch i386  -c -no-cpp-precomp -fno-common -fno-strict-aliasing -g -O2  conftest.c >&5
configure:12679: $? = 0
configure:12693: result: yes
configure:12697: checking math.h presence
configure:12712: gcc -E  conftest.c
configure:12718: $? = 0
configure:12732: result: yes
configure:12765: checking for math.h
configure:12773: result: yes
configure:12656: checking errno.h usability
configure:12673: gcc -arch i386  -c -no-cpp-precomp -fno-common -fno-strict-aliasing -g -O2  conftest.c >&5
configure:12679: $? = 0
configure:12693: result: yes
configure:12697: checking errno.h presence
configure:12712: gcc -E  conftest.c
configure:12718: $? = 0
configure:12732: result: yes
configure:12765: checking for errno.h
configure:12773: result: yes
configure:12656: checking limits.h usability
configure:12673: gcc -arch i386  -c -no-cpp-precomp -fno-common -fno-strict-aliasing -g -O2  conftest.c >&5
configure:12679: $? = 0
configure:12693: result: yes
configure:12697: checking limits.h presence
configure:12712: gcc -E  conftest.c
configure:12718: $? = 0
configure:12732: result: yes
configure:12765: checking for limits.h
configure:12773: result: yes
configure:12656: checking stdio.h usability
configure:12673: gcc -arch i386  -c -no-cpp-precomp -fno-common -fno-strict-aliasing -g -O2  conftest.c >&5
configure:12679: $? = 0
configure:12693: result: yes
configure:12697: checking stdio.h presence
configure:12712: gcc -E  conftest.c
configure:12718: $? = 0
configure:12732: result: yes
configure:12765: checking for stdio.h
configure:12773: result: yes
configure:12656: checking locale.h usability
configure:12673: gcc -arch i386  -c -no-cpp-precomp -fno-common -fno-strict-aliasing -g -O2  conftest.c >&5
configure:12679: $? = 0
configure:12693: result: yes
configure:12697: checking locale.h presence
configure:12712: gcc -E  conftest.c
configure:12718: $? = 0
configure:12732: result: yes
configure:12765: checking for locale.h
configure:12773: result: yes
configure:12646: checking for sys/stat.h
configure:12652: result: yes
configure:12646: checking for sys/types.h
configure:12652: result: yes
configure:12656: checking pthread.h usability
configure:12673: gcc -arch i386  -c -no-cpp-precomp -fno-common -fno-strict-aliasing -g -O2  conftest.c >&5
configure:12679: $? = 0
configure:12693: result: yes
configure:12697: checking pthread.h presence
configure:12712: gcc -E  conftest.c
configure:12718: $? = 0
configure:12732: result: yes
configure:12765: checking for pthread.h
configure:12773: result: yes
configure:12808: checking for sys/types.h
configure:12814: result: yes
configure:12818: checking sys/time.h usability
configure:12835: gcc -arch i386  -c -no-cpp-precomp -fno-common -fno-strict-aliasing -g -O2  conftest.c >&5
configure:12841: $? = 0
configure:12855: result: yes
configure:12859: checking sys/time.h presence
configure:12874: gcc -E  conftest.c
configure:12880: $? = 0
configure:12894: result: yes
configure:12927: checking for sys/time.h
configure:12935: result: yes
configure:12818: checking sys/msg.h usability
configure:12835: gcc -arch i386  -c -no-cpp-precomp -fno-common -fno-strict-aliasing -g -O2  conftest.c >&5
configure:12841: $? = 0
configure:12855: result: yes
configure:12859: checking sys/msg.h presence
configure:12874: gcc -E  conftest.c
configure:12880: $? = 0
configure:12894: result: yes
configure:12927: checking for sys/msg.h
configure:12935: result: yes
configure:12818: checking netdb.h usability
configure:12835: gcc -arch i386  -c -no-cpp-precomp -fno-common -fno-strict-aliasing -g -O2  conftest.c >&5
configure:12841: $? = 0
configure:12855: result: yes
configure:12859: checking netdb.h presence
configure:12874: gcc -E  conftest.c
configure:12880: $? = 0
configure:12894: result: yes
configure:12927: checking for netdb.h
configure:12935: result: yes
configure:12818: checking netinet/in.h usability
configure:12835: gcc -arch i386  -c -no-cpp-precomp -fno-common -fno-strict-aliasing -g -O2  conftest.c >&5
configure:12841: $? = 0
configure:12855: result: yes
configure:12859: checking netinet/in.h presence
configure:12874: gcc -E  conftest.c
configure:12880: $? = 0
configure:12894: result: yes
configure:12927: checking for netinet/in.h
configure:12935: result: yes
configure:12818: checking netinet/tcp.h usability
configure:12835: gcc -arch i386  -c -no-cpp-precomp -fno-common -fno-strict-aliasing -g -O2  conftest.c >&5
configure:12841: $? = 0
configure:12855: result: yes
configure:12859: checking netinet/tcp.h presence
configure:12874: gcc -E  conftest.c
configure:12880: $? = 0
configure:12894: result: yes
configure:12927: checking for netinet/tcp.h
configure:12935: result: yes
configure:12818: checking time.h usability
configure:12835: gcc -arch i386  -c -no-cpp-precomp -fno-common -fno-strict-aliasing -g -O2  conftest.c >&5
configure:12841: $? = 0
configure:12855: result: yes
configure:12859: checking time.h presence
configure:12874: gcc -E  conftest.c
configure:12880: $? = 0
configure:12894: result: yes
configure:12927: checking for time.h
configure:12935: result: yes
configure:12818: checking sys/socket.h usability
configure:12835: gcc -arch i386  -c -no-cpp-precomp -fno-common -fno-strict-aliasing -g -O2  conftest.c >&5
configure:12841: $? = 0
configure:12855: result: yes
configure:12859: checking sys/socket.h presence
configure:12874: gcc -E  conftest.c
configure:12880: $? = 0
configure:12894: result: yes
configure:12927: checking for sys/socket.h
configure:12935: result: yes
configure:12818: checking sys/mman.h usability
configure:12835: gcc -arch i386  -c -no-cpp-precomp -fno-common -fno-strict-aliasing -g -O2  conftest.c >&5
configure:12841: $? = 0
configure:12855: result: yes
configure:12859: checking sys/mman.h presence
configure:12874: gcc -E  conftest.c
configure:12880: $? = 0
configure:12894: result: yes
configure:12927: checking for sys/mman.h
configure:12935: result: yes
configure:12818: checking arpa/inet.h usability
configure:12835: gcc -arch i386  -c -no-cpp-precomp -fno-common -fno-strict-aliasing -g -O2  conftest.c >&5
configure:12841: $? = 0
configure:12855: result: yes
configure:12859: checking arpa/inet.h presence
configure:12874: gcc -E  conftest.c
configure:12880: $? = 0
configure:12894: result: yes
configure:12927: checking for arpa/inet.h
configure:12935: result: yes
configure:12818: checking sys/select.h usability
configure:12835: gcc -arch i386  -c -no-cpp-precomp -fno-common -fno-strict-aliasing -g -O2  conftest.c >&5
configure:12841: $? = 0
configure:12855: result: yes
configure:12859: checking sys/select.h presence
configure:12874: gcc -E  conftest.c
configure:12880: $? = 0
configure:12894: result: yes
configure:12927: checking for sys/select.h
configure:12935: result: yes
configure:12818: checking poll.h usability
configure:12835: gcc -arch i386  -c -no-cpp-precomp -fno-common -fno-strict-aliasing -g -O2  conftest.c >&5
configure:12841: $? = 0
configure:12855: result: yes
configure:12859: checking poll.h presence
configure:12874: gcc -E  conftest.c
configure:12880: $? = 0
configure:12894: result: yes
configure:12927: checking for poll.h
configure:12935: result: yes
configure:12965: checking plibc.h usability
configure:12982: gcc -arch i386  -c -no-cpp-precomp -fno-common -fno-strict-aliasing -g -O2  conftest.c >&5
conftest.c:77:19: error: plibc.h: No such file or directory
configure:12988: $? = 1
configure: failed program was:
| /* confdefs.h.  */
| #define PACKAGE_NAME "libmicrohttpd"
| #define PACKAGE_TARNAME "libmicrohttpd"
| #define PACKAGE_VERSION "0.9.1"
| #define PACKAGE_STRING "libmicrohttpd 0.9.1"
| #define PACKAGE_BUGREPORT "libmicrohttpd@gnu.org"
| #define PACKAGE "libmicrohttpd"
| #define VERSION "0.9.1"
| #define STDC_HEADERS 1
| #define HAVE_SYS_TYPES_H 1
| #define HAVE_SYS_STAT_H 1
| #define HAVE_STDLIB_H 1
| #define HAVE_STRING_H 1
| #define HAVE_MEMORY_H 1
| #define HAVE_STRINGS_H 1
| #define HAVE_INTTYPES_H 1
| #define HAVE_STDINT_H 1
| #define HAVE_UNISTD_H 1
| #define HAVE_DLFCN_H 1
| #define LT_OBJDIR ".libs/"
| #define OSX 1
| #define HAVE_FCNTL_H 1
| #define HAVE_MATH_H 1
| #define HAVE_ERRNO_H 1
| #define HAVE_LIMITS_H 1
| #define HAVE_STDIO_H 1
| #define HAVE_LOCALE_H 1
| #define HAVE_SYS_STAT_H 1
| #define HAVE_SYS_TYPES_H 1
| #define HAVE_PTHREAD_H 1
| #define HAVE_SYS_TYPES_H 1
| #define HAVE_SYS_TIME_H 1
| #define HAVE_SYS_MSG_H 1
| #define HAVE_NETDB_H 1
| #define HAVE_NETINET_IN_H 1
| #define HAVE_NETINET_TCP_H 1
| #define HAVE_TIME_H 1
| #define HAVE_SYS_SOCKET_H 1
| #define HAVE_SYS_MMAN_H 1
| #define HAVE_ARPA_INET_H 1
| #define HAVE_SYS_SELECT_H 1
| #define HAVE_POLL_H 1
| /* end confdefs.h.  */
| #include <stdio.h>
| #ifdef HAVE_SYS_TYPES_H
| # include <sys/types.h>
| #endif
| #ifdef HAVE_SYS_STAT_H
| # include <sys/stat.h>
| #endif
| #ifdef STDC_HEADERS
| # include <stdlib.h>
| # include <stddef.h>
| #else
| # ifdef HAVE_STDLIB_H
| #  include <stdlib.h>
| # endif
| #endif
| #ifdef HAVE_STRING_H
| # if !defined STDC_HEADERS && defined HAVE_MEMORY_H
| #  include <memory.h>
| # endif
| # include <string.h>
| #endif
| #ifdef HAVE_STRINGS_H
| # include <strings.h>
| #endif
| #ifdef HAVE_INTTYPES_H
| # include <inttypes.h>
| #endif
| #ifdef HAVE_STDINT_H
| # include <stdint.h>
| #endif
| #ifdef HAVE_UNISTD_H
| # include <unistd.h>
| #endif
| #include <plibc.h>
configure:13002: result: no
configure:13006: checking plibc.h presence
configure:13021: gcc -E  conftest.c
conftest.c:44:19: error: plibc.h: No such file or directory
configure:13027: $? = 1
configure: failed program was:
| /* confdefs.h.  */
| #define PACKAGE_NAME "libmicrohttpd"
| #define PACKAGE_TARNAME "libmicrohttpd"
| #define PACKAGE_VERSION "0.9.1"
| #define PACKAGE_STRING "libmicrohttpd 0.9.1"
| #define PACKAGE_BUGREPORT "libmicrohttpd@gnu.org"
| #define PACKAGE "libmicrohttpd"
| #define VERSION "0.9.1"
| #define STDC_HEADERS 1
| #define HAVE_SYS_TYPES_H 1
| #define HAVE_SYS_STAT_H 1
| #define HAVE_STDLIB_H 1
| #define HAVE_STRING_H 1
| #define HAVE_MEMORY_H 1
| #define HAVE_STRINGS_H 1
| #define HAVE_INTTYPES_H 1
| #define HAVE_STDINT_H 1
| #define HAVE_UNISTD_H 1
| #define HAVE_DLFCN_H 1
| #define LT_OBJDIR ".libs/"
| #define OSX 1
| #define HAVE_FCNTL_H 1
| #define HAVE_MATH_H 1
| #define HAVE_ERRNO_H 1
| #define HAVE_LIMITS_H 1
| #define HAVE_STDIO_H 1
| #define HAVE_LOCALE_H 1
| #define HAVE_SYS_STAT_H 1
| #define HAVE_SYS_TYPES_H 1
| #define HAVE_PTHREAD_H 1
| #define HAVE_SYS_TYPES_H 1
| #define HAVE_SYS_TIME_H 1
| #define HAVE_SYS_MSG_H 1
| #define HAVE_NETDB_H 1
| #define HAVE_NETINET_IN_H 1
| #define HAVE_NETINET_TCP_H 1
| #define HAVE_TIME_H 1
| #define HAVE_SYS_SOCKET_H 1
| #define HAVE_SYS_MMAN_H 1
| #define HAVE_ARPA_INET_H 1
| #define HAVE_SYS_SELECT_H 1
| #define HAVE_POLL_H 1
| /* end confdefs.h.  */
| #include <plibc.h>
configure:13041: result: no
configure:13074: checking for plibc.h
configure:13082: result: no
configure:13110: checking for memmem
configure:13166: gcc -arch i386  -o conftest -no-cpp-precomp -fno-common -fno-strict-aliasing -g -O2   conftest.c   >&5
Undefined symbols:
  "_memmem", referenced from:
      _main in ccjeZSMw.o
ld: symbol(s) not found
collect2: ld returned 1 exit status
configure:13172: $? = 1
configure: failed program was:
| /* confdefs.h.  */
| #define PACKAGE_NAME "libmicrohttpd"
| #define PACKAGE_TARNAME "libmicrohttpd"
| #define PACKAGE_VERSION "0.9.1"
| #define PACKAGE_STRING "libmicrohttpd 0.9.1"
| #define PACKAGE_BUGREPORT "libmicrohttpd@gnu.org"
| #define PACKAGE "libmicrohttpd"
| #define VERSION "0.9.1"
| #define STDC_HEADERS 1
| #define HAVE_SYS_TYPES_H 1
| #define HAVE_SYS_STAT_H 1
| #define HAVE_STDLIB_H 1
| #define HAVE_STRING_H 1
| #define HAVE_MEMORY_H 1
| #define HAVE_STRINGS_H 1
| #define HAVE_INTTYPES_H 1
| #define HAVE_STDINT_H 1
| #define HAVE_UNISTD_H 1
| #define HAVE_DLFCN_H 1
| #define LT_OBJDIR ".libs/"
| #define OSX 1
| #define HAVE_FCNTL_H 1
| #define HAVE_MATH_H 1
| #define HAVE_ERRNO_H 1
| #define HAVE_LIMITS_H 1
| #define HAVE_STDIO_H 1
| #define HAVE_LOCALE_H 1
| #define HAVE_SYS_STAT_H 1
| #define HAVE_SYS_TYPES_H 1
| #define HAVE_PTHREAD_H 1
| #define HAVE_SYS_TYPES_H 1
| #define HAVE_SYS_TIME_H 1
| #define HAVE_SYS_MSG_H 1
| #define HAVE_NETDB_H 1
| #define HAVE_NETINET_IN_H 1
| #define HAVE_NETINET_TCP_H 1
| #define HAVE_TIME_H 1
| #define HAVE_SYS_SOCKET_H 1
| #define HAVE_SYS_MMAN_H 1
| #define HAVE_ARPA_INET_H 1
| #define HAVE_SYS_SELECT_H 1
| #define HAVE_POLL_H 1
| /* end confdefs.h.  */
| /* Define memmem to an innocuous variant, in case <limits.h> declares memmem.
|    For example, HP-UX 11i <limits.h> declares gettimeofday.  */
| #define memmem innocuous_memmem
| 
| /* System header to define __stub macros and hopefully few prototypes,
|     which can conflict with char memmem (); below.
|     Prefer <limits.h> to <assert.h> if __STDC__ is defined, since
|     <limits.h> exists even on freestanding compilers.  */
| 
| #ifdef __STDC__
| # include <limits.h>
| #else
| # include <assert.h>
| #endif
| 
| #undef memmem
| 
| /* Override any GCC internal prototype to avoid an error.
|    Use char because int might match the return type of a GCC
|    builtin and then its argument prototype would still apply.  */
| #ifdef __cplusplus
| extern "C"
| #endif
| char memmem ();
| /* The GNU C library defines this for functions which it implements
|     to always fail with ENOSYS.  Some functions are actually named
|     something starting with __ and the normal name is an alias.  */
| #if defined __stub_memmem || defined __stub___memmem
| choke me
| #endif
| 
| int
| main ()
| {
| return memmem ();
|   ;
|   return 0;
| }
configure:13190: result: no
configure:13202: checking for IPv6
configure:13238: gcc -arch i386  -c -no-cpp-precomp -fno-common -fno-strict-aliasing -g -O2  conftest.c >&5
configure:13244: $? = 0
configure:13266: result: yes
configure:13270: checking whether TCP_CORK is declared
configure:13300: gcc -arch i386  -c -no-cpp-precomp -fno-common -fno-strict-aliasing -g -O2  conftest.c >&5
conftest.c: In function 'main':
conftest.c:51: error: 'TCP_CORK' undeclared (first use in this function)
conftest.c:51: error: (Each undeclared identifier is reported only once
conftest.c:51: error: for each function it appears in.)
configure:13306: $? = 1
configure: failed program was:
| /* confdefs.h.  */
| #define PACKAGE_NAME "libmicrohttpd"
| #define PACKAGE_TARNAME "libmicrohttpd"
| #define PACKAGE_VERSION "0.9.1"
| #define PACKAGE_STRING "libmicrohttpd 0.9.1"
| #define PACKAGE_BUGREPORT "libmicrohttpd@gnu.org"
| #define PACKAGE "libmicrohttpd"
| #define VERSION "0.9.1"
| #define STDC_HEADERS 1
| #define HAVE_SYS_TYPES_H 1
| #define HAVE_SYS_STAT_H 1
| #define HAVE_STDLIB_H 1
| #define HAVE_STRING_H 1
| #define HAVE_MEMORY_H 1
| #define HAVE_STRINGS_H 1
| #define HAVE_INTTYPES_H 1
| #define HAVE_STDINT_H 1
| #define HAVE_UNISTD_H 1
| #define HAVE_DLFCN_H 1
| #define LT_OBJDIR ".libs/"
| #define OSX 1
| #define HAVE_FCNTL_H 1
| #define HAVE_MATH_H 1
| #define HAVE_ERRNO_H 1
| #define HAVE_LIMITS_H 1
| #define HAVE_STDIO_H 1
| #define HAVE_LOCALE_H 1
| #define HAVE_SYS_STAT_H 1
| #define HAVE_SYS_TYPES_H 1
| #define HAVE_PTHREAD_H 1
| #define HAVE_SYS_TYPES_H 1
| #define HAVE_SYS_TIME_H 1
| #define HAVE_SYS_MSG_H 1
| #define HAVE_NETDB_H 1
| #define HAVE_NETINET_IN_H 1
| #define HAVE_NETINET_TCP_H 1
| #define HAVE_TIME_H 1
| #define HAVE_SYS_SOCKET_H 1
| #define HAVE_SYS_MMAN_H 1
| #define HAVE_ARPA_INET_H 1
| #define HAVE_SYS_SELECT_H 1
| #define HAVE_POLL_H 1
| #define HAVE_INET6 1
| /* end confdefs.h.  */
| #include <netinet/tcp.h>
| 
| int
| main ()
| {
| #ifndef TCP_CORK
|   (void) TCP_CORK;
| #endif
| 
|   ;
|   return 0;
| }
configure:13321: result: no
configure:13341: checking whether TCP_NOPUSH is declared
configure:13371: gcc -arch i386  -c -no-cpp-precomp -fno-common -fno-strict-aliasing -g -O2  conftest.c >&5
configure:13377: $? = 0
configure:13392: result: yes
configure:13414: checking whether to use libcurl for testing
configure:13479: checking for gawk
configure:13506: result: awk
configure:13568: checking for curl-config
configure:13586: found /usr/bin/curl-config
configure:13598: result: /usr/bin/curl-config
configure:13609: checking for the version of libcurl
configure:13616: result: 7.19.7
configure:13677: checking whether libcurl is usable
configure:13720: gcc -arch i386  -o conftest -no-cpp-precomp -fno-common -fno-strict-aliasing -g -O2    conftest.c -lcurl   >&5
configure:13726: $? = 0
configure:13749: result: yes
configure:13762: checking for curl_free
configure:13818: gcc -arch i386  -o conftest -no-cpp-precomp -fno-common -fno-strict-aliasing -g -O2    conftest.c   -lcurl >&5
configure:13824: $? = 0
configure:13841: result: yes
configure:13964: checking for special C compiler options needed for large files
configure:14057: result: no
configure:14063: checking for _FILE_OFFSET_BITS value needed for large files
configure:14098: gcc -arch i386  -c -no-cpp-precomp -fno-common -fno-strict-aliasing -g -O2  conftest.c >&5
configure:14104: $? = 0
configure:14172: result: no
configure:14307: checking for _LARGEFILE_SOURCE value needed for large files
configure:14334: gcc -arch i386  -o conftest -no-cpp-precomp -fno-common -fno-strict-aliasing -g -O2   conftest.c   >&5
configure:14340: $? = 0
configure:14404: result: no
configure:14429: checking whether to disable error messages
configure:14438: result: no
configure:14459: checking whether to enable postprocessor
configure:14468: result: no
configure:14489: checking for zzuf
configure:14517: result: 0
configure:14527: checking for socat
configure:14555: result: 0
configure:14598: checking for libgcrypt-config
configure:14629: result: no
configure:14646: checking for LIBGCRYPT - version >= 1.2.2
configure:14683: result: no
configure:14729: checking for gnutls
configure:15167: result: --with-gnutls not specified
configure:15184: checking gnutls/gnutls.h usability
configure:15201: gcc -arch i386  -c -no-cpp-precomp -fno-common -fno-strict-aliasing -g -O2  conftest.c >&5
conftest.c:100:27: error: gnutls/gnutls.h: No such file or directory
configure:15207: $? = 1
configure: failed program was:
| /* confdefs.h.  */
| #define PACKAGE_NAME "libmicrohttpd"
| #define PACKAGE_TARNAME "libmicrohttpd"
| #define PACKAGE_VERSION "0.9.1"
| #define PACKAGE_STRING "libmicrohttpd 0.9.1"
| #define PACKAGE_BUGREPORT "libmicrohttpd@gnu.org"
| #define PACKAGE "libmicrohttpd"
| #define VERSION "0.9.1"
| #define STDC_HEADERS 1
| #define HAVE_SYS_TYPES_H 1
| #define HAVE_SYS_STAT_H 1
| #define HAVE_STDLIB_H 1
| #define HAVE_STRING_H 1
| #define HAVE_MEMORY_H 1
| #define HAVE_STRINGS_H 1
| #define HAVE_INTTYPES_H 1
| #define HAVE_STDINT_H 1
| #define HAVE_UNISTD_H 1
| #define HAVE_DLFCN_H 1
| #define LT_OBJDIR ".libs/"
| #define OSX 1
| #define HAVE_FCNTL_H 1
| #define HAVE_MATH_H 1
| #define HAVE_ERRNO_H 1
| #define HAVE_LIMITS_H 1
| #define HAVE_STDIO_H 1
| #define HAVE_LOCALE_H 1
| #define HAVE_SYS_STAT_H 1
| #define HAVE_SYS_TYPES_H 1
| #define HAVE_PTHREAD_H 1
| #define HAVE_SYS_TYPES_H 1
| #define HAVE_SYS_TIME_H 1
| #define HAVE_SYS_MSG_H 1
| #define HAVE_NETDB_H 1
| #define HAVE_NETINET_IN_H 1
| #define HAVE_NETINET_TCP_H 1
| #define HAVE_TIME_H 1
| #define HAVE_SYS_SOCKET_H 1
| #define HAVE_SYS_MMAN_H 1
| #define HAVE_ARPA_INET_H 1
| #define HAVE_SYS_SELECT_H 1
| #define HAVE_POLL_H 1
| #define HAVE_INET6 1
| #define HAVE_DECL_TCP_CORK 0
| #define HAVE_DECL_TCP_NOPUSH 1
| #define HAVE_LIBCURL 1
| #define LIBCURL_FEATURE_SSL 1
| #define LIBCURL_FEATURE_IPV6 1
| #define LIBCURL_FEATURE_LIBZ 1
| #define LIBCURL_FEATURE_NTLM 1
| #define LIBCURL_PROTOCOL_HTTP 1
| #define LIBCURL_PROTOCOL_HTTPS 1
| #define LIBCURL_PROTOCOL_FTP 1
| #define LIBCURL_PROTOCOL_FTPS 1
| #define LIBCURL_PROTOCOL_FILE 1
| #define LIBCURL_PROTOCOL_TELNET 1
| #define LIBCURL_PROTOCOL_LDAP 1
| #define LIBCURL_PROTOCOL_DICT 1
| #define LIBCURL_PROTOCOL_TFTP 1
| #define MHD_REQ_CURL_VERSION "7.16.4"
| #define MHD_REQ_CURL_OPENSSL_VERSION "0.9.8"
| #define MHD_REQ_CURL_GNUTLS_VERSION "2.2.3"
| #define HAVE_FSEEKO 1
| #define HAVE_MESSAGES 1
| #define MHD_GCRYPT_VERSION "1:1.2.2"
| /* end confdefs.h.  */
| #include <stdio.h>
| #ifdef HAVE_SYS_TYPES_H
| # include <sys/types.h>
| #endif
| #ifdef HAVE_SYS_STAT_H
| # include <sys/stat.h>
| #endif
| #ifdef STDC_HEADERS
| # include <stdlib.h>
| # include <stddef.h>
| #else
| # ifdef HAVE_STDLIB_H
| #  include <stdlib.h>
| # endif
| #endif
| #ifdef HAVE_STRING_H
| # if !defined STDC_HEADERS && defined HAVE_MEMORY_H
| #  include <memory.h>
| # endif
| # include <string.h>
| #endif
| #ifdef HAVE_STRINGS_H
| # include <strings.h>
| #endif
| #ifdef HAVE_INTTYPES_H
| # include <inttypes.h>
| #endif
| #ifdef HAVE_STDINT_H
| # include <stdint.h>
| #endif
| #ifdef HAVE_UNISTD_H
| # include <unistd.h>
| #endif
| #include <gnutls/gnutls.h>
configure:15221: result: no
configure:15225: checking gnutls/gnutls.h presence
configure:15240: gcc -E  conftest.c
conftest.c:67:27: error: gnutls/gnutls.h: No such file or directory
configure:15246: $? = 1
configure: failed program was:
| /* confdefs.h.  */
| #define PACKAGE_NAME "libmicrohttpd"
| #define PACKAGE_TARNAME "libmicrohttpd"
| #define PACKAGE_VERSION "0.9.1"
| #define PACKAGE_STRING "libmicrohttpd 0.9.1"
| #define PACKAGE_BUGREPORT "libmicrohttpd@gnu.org"
| #define PACKAGE "libmicrohttpd"
| #define VERSION "0.9.1"
| #define STDC_HEADERS 1
| #define HAVE_SYS_TYPES_H 1
| #define HAVE_SYS_STAT_H 1
| #define HAVE_STDLIB_H 1
| #define HAVE_STRING_H 1
| #define HAVE_MEMORY_H 1
| #define HAVE_STRINGS_H 1
| #define HAVE_INTTYPES_H 1
| #define HAVE_STDINT_H 1
| #define HAVE_UNISTD_H 1
| #define HAVE_DLFCN_H 1
| #define LT_OBJDIR ".libs/"
| #define OSX 1
| #define HAVE_FCNTL_H 1
| #define HAVE_MATH_H 1
| #define HAVE_ERRNO_H 1
| #define HAVE_LIMITS_H 1
| #define HAVE_STDIO_H 1
| #define HAVE_LOCALE_H 1
| #define HAVE_SYS_STAT_H 1
| #define HAVE_SYS_TYPES_H 1
| #define HAVE_PTHREAD_H 1
| #define HAVE_SYS_TYPES_H 1
| #define HAVE_SYS_TIME_H 1
| #define HAVE_SYS_MSG_H 1
| #define HAVE_NETDB_H 1
| #define HAVE_NETINET_IN_H 1
| #define HAVE_NETINET_TCP_H 1
| #define HAVE_TIME_H 1
| #define HAVE_SYS_SOCKET_H 1
| #define HAVE_SYS_MMAN_H 1
| #define HAVE_ARPA_INET_H 1
| #define HAVE_SYS_SELECT_H 1
| #define HAVE_POLL_H 1
| #define HAVE_INET6 1
| #define HAVE_DECL_TCP_CORK 0
| #define HAVE_DECL_TCP_NOPUSH 1
| #define HAVE_LIBCURL 1
| #define LIBCURL_FEATURE_SSL 1
| #define LIBCURL_FEATURE_IPV6 1
| #define LIBCURL_FEATURE_LIBZ 1
| #define LIBCURL_FEATURE_NTLM 1
| #define LIBCURL_PROTOCOL_HTTP 1
| #define LIBCURL_PROTOCOL_HTTPS 1
| #define LIBCURL_PROTOCOL_FTP 1
| #define LIBCURL_PROTOCOL_FTPS 1
| #define LIBCURL_PROTOCOL_FILE 1
| #define LIBCURL_PROTOCOL_TELNET 1
| #define LIBCURL_PROTOCOL_LDAP 1
| #define LIBCURL_PROTOCOL_DICT 1
| #define LIBCURL_PROTOCOL_TFTP 1
| #define MHD_REQ_CURL_VERSION "7.16.4"
| #define MHD_REQ_CURL_OPENSSL_VERSION "0.9.8"
| #define MHD_REQ_CURL_GNUTLS_VERSION "2.2.3"
| #define HAVE_FSEEKO 1
| #define HAVE_MESSAGES 1
| #define MHD_GCRYPT_VERSION "1:1.2.2"
| /* end confdefs.h.  */
| #include <gnutls/gnutls.h>
configure:15260: result: no
configure:15293: checking for gnutls/gnutls.h
configure:15301: result: no
configure:15397: checking whether to disable HTTPS support
configure:15433: result: yes
configure:15446: checking whether to disable HTTP Digest Auth support
configure:15472: result: no
configure:15487: checking whether -export-symbols-regex works
configure:15499: result: yes
configure:15789: creating ./config.status

## ---------------------- ##
## Running config.status. ##
## ---------------------- ##

This file was extended by libmicrohttpd config.status 0.9.1, which was
generated by GNU Autoconf 2.61.  Invocation command line was

  CONFIG_FILES    = 
  CONFIG_HEADERS  = 
  CONFIG_LINKS    = 
  CONFIG_COMMANDS = 
  $ ./config.status 

on Diederick-Huijberss-iMac.local

config.status:902: creating libmicrohttpd.pc
config.status:902: creating Makefile
config.status:902: creating contrib/Makefile
config.status:902: creating doc/Makefile
config.status:902: creating m4/Makefile
config.status:902: creating src/Makefile
config.status:902: creating src/include/Makefile
config.status:902: creating src/include/plibc/Makefile
config.status:902: creating src/daemon/Makefile
config.status:902: creating src/examples/Makefile
config.status:902: creating src/testcurl/Makefile
config.status:902: creating src/testcurl/https/Makefile
config.status:902: creating src/testzzuf/Makefile
config.status:902: creating MHD_config.h
config.status:1232: executing depfiles commands
config.status:1232: executing libtool commands
configure:18073: Configuration Summary:
  Operating System:  darwin10.4.0
  libgcrypt:         no, HTTPS will not be built
  libcurl (testing): yes
  Target directory:  /Users/diederickhuijbers/Documents/programming/c++/of61fatxcode/addons/ofxHttpServer/microhttpd/stage
  Messages:          yes
  HTTP Digest Auth:  yes
  Postproc:          yes
  HTTPS support:     no (disabled)

configure:18096:
  License         :  LGPL or eCos


## ---------------- ##
## Cache variables. ##
## ---------------- ##

ac_cv_build=i386-apple-darwin10.4.0
ac_cv_c_bigendian=no
ac_cv_c_compiler_gnu=yes
ac_cv_env_CC_set=set
ac_cv_env_CC_value='gcc -arch i386 '
ac_cv_env_CFLAGS_set=
ac_cv_env_CFLAGS_value=
ac_cv_env_CPPFLAGS_set=
ac_cv_env_CPPFLAGS_value=
ac_cv_env_CPP_set=set
ac_cv_env_CPP_value='gcc -E'
ac_cv_env_LDFLAGS_set=
ac_cv_env_LDFLAGS_value=
ac_cv_env_LIBS_set=
ac_cv_env_LIBS_value=
ac_cv_env_build_alias_set=
ac_cv_env_build_alias_value=
ac_cv_env_host_alias_set=
ac_cv_env_host_alias_value=
ac_cv_env_target_alias_set=
ac_cv_env_target_alias_value=
ac_cv_func_curl_free=yes
ac_cv_func_memmem=no
ac_cv_have_decl_TCP_CORK=no
ac_cv_have_decl_TCP_NOPUSH=yes
ac_cv_header_arpa_inet_h=yes
ac_cv_header_dlfcn_h=yes
ac_cv_header_errno_h=yes
ac_cv_header_fcntl_h=yes
ac_cv_header_gnutls_gnutls_h=no
ac_cv_header_inttypes_h=yes
ac_cv_header_limits_h=yes
ac_cv_header_locale_h=yes
ac_cv_header_math_h=yes
ac_cv_header_memory_h=yes
ac_cv_header_netdb_h=yes
ac_cv_header_netinet_in_h=yes
ac_cv_header_netinet_tcp_h=yes
ac_cv_header_plibc_h=no
ac_cv_header_poll_h=yes
ac_cv_header_pthread_h=yes
ac_cv_header_stdc=yes
ac_cv_header_stdint_h=yes
ac_cv_header_stdio_h=yes
ac_cv_header_stdlib_h=yes
ac_cv_header_string_h=yes
ac_cv_header_strings_h=yes
ac_cv_header_sys_mman_h=yes
ac_cv_header_sys_msg_h=yes
ac_cv_header_sys_select_h=yes
ac_cv_header_sys_socket_h=yes
ac_cv_header_sys_stat_h=yes
ac_cv_header_sys_time_h=yes
ac_cv_header_sys_types_h=yes
ac_cv_header_time_h=yes
ac_cv_header_unistd_h=yes
ac_cv_host=i386-apple-darwin10.4.0
ac_cv_objext=o
ac_cv_path_EGREP='/usr/bin/grep -E'
ac_cv_path_FGREP='/usr/bin/grep -F'
ac_cv_path_GREP=/usr/bin/grep
ac_cv_path_LIBGCRYPT_CONFIG=no
ac_cv_path_SED=/usr/bin/sed
ac_cv_path__libcurl_config=/usr/bin/curl-config
ac_cv_path_install='/usr/bin/install -c'
ac_cv_prog_AWK=awk
ac_cv_prog_CPP='gcc -E'
ac_cv_prog_HAVE_SOCAT=0
ac_cv_prog_HAVE_ZZUF=0
ac_cv_prog_ac_ct_AR=ar
ac_cv_prog_ac_ct_CC='gcc -arch i386 '
ac_cv_prog_ac_ct_DSYMUTIL=dsymutil
ac_cv_prog_ac_ct_LIPO=lipo
ac_cv_prog_ac_ct_NMEDIT=nmedit
ac_cv_prog_ac_ct_OTOOL=otool
ac_cv_prog_ac_ct_RANLIB=ranlib
ac_cv_prog_ac_ct_STRIP=strip
ac_cv_prog_cc_c89=
ac_cv_prog_cc_g=yes
ac_cv_prog_cc_gcc_c_o=yes
ac_cv_prog_make_make_set=yes
ac_cv_sys_file_offset_bits=no
ac_cv_sys_largefile_CC=no
ac_cv_sys_largefile_source=no
am_cv_CC_dependencies_compiler_type=gcc3
gn_cv_export_symbols_regex_works=yes
libcurl_cv_lib_curl_usable=yes
libcurl_cv_lib_curl_version=7.19.7
lt_cv_apple_cc_single_mod=yes
lt_cv_deplibs_check_method=pass_all
lt_cv_file_magic_cmd='$MAGIC_CMD'
lt_cv_file_magic_test_file=
lt_cv_ld_exported_symbols_list=yes
lt_cv_ld_reload_flag=-r
lt_cv_nm_interface='BSD nm'
lt_cv_objdir=.libs
lt_cv_path_LD=/usr/libexec/gcc/i686-apple-darwin10/4.2.1/ld
lt_cv_path_NM=/usr/bin/nm
lt_cv_prog_compiler_c_o=yes
lt_cv_prog_compiler_pic_works=yes
lt_cv_prog_compiler_rtti_exceptions=no
lt_cv_prog_compiler_static_works=no
lt_cv_prog_gnu_ld=no
lt_cv_sys_global_symbol_pipe='sed -n -e '\''s/^.*[	 ]\([BCDEGRST][BCDEGRST]*\)[	 ][	 ]*_\([_A-Za-z][_A-Za-z0-9]*\)$/\1 _\2 \2/p'\'''
lt_cv_sys_global_symbol_to_c_name_address='sed -n -e '\''s/^: \([^ ]*\) $/  {\"\1\", (void *) 0},/p'\'' -e '\''s/^[BCDEGRST]* \([^ ]*\) \([^ ]*\)$/  {"\2", (void *) \&\2},/p'\'''
lt_cv_sys_global_symbol_to_c_name_address_lib_prefix='sed -n -e '\''s/^: \([^ ]*\) $/  {\"\1\", (void *) 0},/p'\'' -e '\''s/^[BCDEGRST]* \([^ ]*\) \(lib[^ ]*\)$/  {"\2", (void *) \&\2},/p'\'' -e '\''s/^[BCDEGRST]* \([^ ]*\) \([^ ]*\)$/  {"lib\2", (void *) \&\2},/p'\'''
lt_cv_sys_global_symbol_to_cdecl='sed -n -e '\''s/^T .* \(.*\)$/extern int \1();/p'\'' -e '\''s/^[BCDEGRST]* .* \(.*\)$/extern char \1;/p'\'''
lt_cv_sys_max_cmd_len=196608

## ----------------- ##
## Output variables. ##
## ----------------- ##

ACLOCAL='${SHELL} /Users/diederickhuijbers/Documents/programming/c++/of61fatxcode/addons/ofxHttpServer/microhttpd/missing --run aclocal-1.10'
AMDEPBACKSLASH='\'
AMDEP_FALSE='#'
AMDEP_TRUE=''
AMTAR='${SHELL} /Users/diederickhuijbers/Documents/programming/c++/of61fatxcode/addons/ofxHttpServer/microhttpd/missing --run tar'
AR='ar'
AS='as'
AUTOCONF='${SHELL} /Users/diederickhuijbers/Documents/programming/c++/of61fatxcode/addons/ofxHttpServer/microhttpd/missing --run autoconf'
AUTOHEADER='${SHELL} /Users/diederickhuijbers/Documents/programming/c++/of61fatxcode/addons/ofxHttpServer/microhttpd/missing --run autoheader'
AUTOMAKE='${SHELL} /Users/diederickhuijbers/Documents/programming/c++/of61fatxcode/addons/ofxHttpServer/microhttpd/missing --run automake-1.10'
AWK='awk'
CC='gcc -arch i386 '
CCDEPMODE='depmode=gcc3'
CFLAGS='-no-cpp-precomp -fno-common -fno-strict-aliasing -g -O2'
CPP='gcc -E'
CPPFLAGS=''
CYGPATH_W='echo'
DEFS='-DHAVE_CONFIG_H'
DEPDIR='.deps'
DLLTOOL='dlltool'
DSYMUTIL='dsymutil'
DUMPBIN=''
ECHO_C=''
ECHO_N='-n'
ECHO_T=''
EGREP='/usr/bin/grep -E'
ENABLE_DAUTH_FALSE='#'
ENABLE_DAUTH_TRUE=''
ENABLE_HTTPS_FALSE=''
ENABLE_HTTPS_TRUE='#'
ENABLE_MINITASN1_FALSE='#'
ENABLE_MINITASN1_TRUE=''
ENABLE_OPENSSL_FALSE=''
ENABLE_OPENSSL_TRUE='#'
EXEEXT=''
EXT_LIBS=''
EXT_LIB_PATH=''
FGREP='/usr/bin/grep -F'
GREP='/usr/bin/grep'
HAVE_CURL_FALSE='#'
HAVE_CURL_TRUE=''
HAVE_GNUTLS_FALSE=''
HAVE_GNUTLS_TRUE='#'
HAVE_GNU_LD_FALSE=''
HAVE_GNU_LD_TRUE='#'
HAVE_LD_OUTPUT_DEF_FALSE=''
HAVE_LD_OUTPUT_DEF_TRUE='#'
HAVE_LD_VERSION_SCRIPT_FALSE=''
HAVE_LD_VERSION_SCRIPT_TRUE='#'
HAVE_POSTPROCESSOR_FALSE='#'
HAVE_POSTPROCESSOR_TRUE=''
HAVE_SOCAT='0'
HAVE_SOCAT_FALSE=''
HAVE_SOCAT_TRUE='#'
HAVE_ZZUF='0'
HAVE_ZZUF_FALSE=''
HAVE_ZZUF_TRUE='#'
INSTALL_DATA='${INSTALL} -m 644'
INSTALL_PROGRAM='${INSTALL}'
INSTALL_SCRIPT='${INSTALL}'
INSTALL_STRIP_PROGRAM='$(install_sh) -c -s'
LD='/usr/libexec/gcc/i686-apple-darwin10/4.2.1/ld'
LDFLAGS=''
LIBCURL='-lcurl'
LIBCURL_CPPFLAGS=''
LIBGCRYPT_CFLAGS=''
LIBGCRYPT_CONFIG='no'
LIBGCRYPT_LIBS=''
LIBOBJS=''
LIBS=' '
LIBTOOL='$(SHELL) $(top_builddir)/libtool'
LIB_VERSION_AGE='1'
LIB_VERSION_CURRENT='9'
LIB_VERSION_REVISION='0'
LIPO='lipo'
LN_S='ln -s'
LTLIBOBJS=''
MAKEINFO='${SHELL} /Users/diederickhuijbers/Documents/programming/c++/of61fatxcode/addons/ofxHttpServer/microhttpd/missing --run makeinfo'
MHD_LIBDEPS=''
MHD_LIB_LDFLAGS='-export-dynamic -no-undefined'
NM='/usr/bin/nm'
NMEDIT='nmedit'
OBJDUMP='objdump'
OBJEXT='o'
OTOOL64=':'
OTOOL='otool'
PACKAGE='libmicrohttpd'
PACKAGE_BUGREPORT='libmicrohttpd@gnu.org'
PACKAGE_NAME='libmicrohttpd'
PACKAGE_STRING='libmicrohttpd 0.9.1'
PACKAGE_TARNAME='libmicrohttpd'
PACKAGE_VERSION='0.9.1'
PATH_SEPARATOR=':'
PLIBC_CPPFLAGS=''
PLIBC_LDFLAGS=''
PLIBC_LIBS=''
PTHREAD_CPPFLAGS=''
PTHREAD_LDFLAGS=''
PTHREAD_LIBS=''
RANLIB='ranlib'
SED='/usr/bin/sed'
SET_MAKE=''
SHELL='/bin/sh'
STRIP='strip'
USE_COVERAGE_FALSE=''
USE_COVERAGE_TRUE='#'
USE_PRIVATE_PLIBC_H_FALSE='#'
USE_PRIVATE_PLIBC_H_TRUE=''
VERSION='0.9.1'
_libcurl_config=''
ac_ct_CC='gcc -arch i386 '
ac_ct_DUMPBIN=''
am__fastdepCC_FALSE='#'
am__fastdepCC_TRUE=''
am__include='include'
am__isrc=''
am__leading_dot='.'
am__quote=''
am__tar='${AMTAR} chof - "$$tardir"'
am__untar='${AMTAR} xf -'
bindir='${exec_prefix}/bin'
build='i386-apple-darwin10.4.0'
build_alias=''
build_cpu='i386'
build_os='darwin10.4.0'
build_vendor='apple'
datadir='${datarootdir}'
datarootdir='${prefix}/share'
docdir='${datarootdir}/doc/${PACKAGE_TARNAME}'
dvidir='${docdir}'
exec_prefix='${prefix}'
host='i386-apple-darwin10.4.0'
host_alias=''
host_cpu='i386'
host_os='darwin10.4.0'
host_vendor='apple'
htmldir='${docdir}'
includedir='${prefix}/include'
infodir='${datarootdir}/info'
install_sh='$(SHELL) /Users/diederickhuijbers/Documents/programming/c++/of61fatxcode/addons/ofxHttpServer/microhttpd/install-sh'
libdir='${exec_prefix}/lib'
libexecdir='${exec_prefix}/libexec'
localedir='${datarootdir}/locale'
localstatedir='${prefix}/var'
lt_ECHO='echo'
mandir='${datarootdir}/man'
mkdir_p='$(top_builddir)/./install-sh -c -d'
oldincludedir='/usr/include'
pdfdir='${docdir}'
prefix='/Users/diederickhuijbers/Documents/programming/c++/of61fatxcode/addons/ofxHttpServer/microhttpd/stage'
program_transform_name='s,x,x,'
psdir='${docdir}'
sbindir='${exec_prefix}/sbin'
sharedstatedir='${prefix}/com'
sysconfdir='${prefix}/etc'
target_alias=''

## ----------- ##
## confdefs.h. ##
## ----------- ##

#define PACKAGE_NAME "libmicrohttpd"
#define PACKAGE_TARNAME "libmicrohttpd"
#define PACKAGE_VERSION "0.9.1"
#define PACKAGE_STRING "libmicrohttpd 0.9.1"
#define PACKAGE_BUGREPORT "libmicrohttpd@gnu.org"
#define PACKAGE "libmicrohttpd"
#define VERSION "0.9.1"
#define STDC_HEADERS 1
#define HAVE_SYS_TYPES_H 1
#define HAVE_SYS_STAT_H 1
#define HAVE_STDLIB_H 1
#define HAVE_STRING_H 1
#define HAVE_MEMORY_H 1
#define HAVE_STRINGS_H 1
#define HAVE_INTTYPES_H 1
#define HAVE_STDINT_H 1
#define HAVE_UNISTD_H 1
#define HAVE_DLFCN_H 1
#define LT_OBJDIR ".libs/"
#define OSX 1
#define HAVE_FCNTL_H 1
#define HAVE_MATH_H 1
#define HAVE_ERRNO_H 1
#define HAVE_LIMITS_H 1
#define HAVE_STDIO_H 1
#define HAVE_LOCALE_H 1
#define HAVE_SYS_STAT_H 1
#define HAVE_SYS_TYPES_H 1
#define HAVE_PTHREAD_H 1
#define HAVE_SYS_TYPES_H 1
#define HAVE_SYS_TIME_H 1
#define HAVE_SYS_MSG_H 1
#define HAVE_NETDB_H 1
#define HAVE_NETINET_IN_H 1
#define HAVE_NETINET_TCP_H 1
#define HAVE_TIME_H 1
#define HAVE_SYS_SOCKET_H 1
#define HAVE_SYS_MMAN_H 1
#define HAVE_ARPA_INET_H 1
#define HAVE_SYS_SELECT_H 1
#define HAVE_POLL_H 1
#define HAVE_INET6 1
#define HAVE_DECL_TCP_CORK 0
#define HAVE_DECL_TCP_NOPUSH 1
#define HAVE_LIBCURL 1
#define LIBCURL_FEATURE_SSL 1
#define LIBCURL_FEATURE_IPV6 1
#define LIBCURL_FEATURE_LIBZ 1
#define LIBCURL_FEATURE_NTLM 1
#define LIBCURL_PROTOCOL_HTTP 1
#define LIBCURL_PROTOCOL_HTTPS 1
#define LIBCURL_PROTOCOL_FTP 1
#define LIBCURL_PROTOCOL_FTPS 1
#define LIBCURL_PROTOCOL_FILE 1
#define LIBCURL_PROTOCOL_TELNET 1
#define LIBCURL_PROTOCOL_LDAP 1
#define LIBCURL_PROTOCOL_DICT 1
#define LIBCURL_PROTOCOL_TFTP 1
#define MHD_REQ_CURL_VERSION "7.16.4"
#define MHD_REQ_CURL_OPENSSL_VERSION "0.9.8"
#define MHD_REQ_CURL_GNUTLS_VERSION "2.2.3"
#define HAVE_FSEEKO 1
#define HAVE_MESSAGES 1
#define MHD_GCRYPT_VERSION "1:1.2.2"
#define HAVE_GNUTLS 0
#define HTTPS_SUPPORT 0
#define DAUTH_SUPPORT 1

configure: exit 0
